<?xml version="1.0" encoding="UTF-8"?>
<!-- Generated by org.testng.reporters.JUnitReportReporter -->
<testsuite hostname="LAPTOP-0S35IHI2" failures="0" tests="1" name="testcacases.Testcase001" time="36.080" errors="0" timestamp="2023-11-19T23:09:43 IST" skipped="0">
  <testcase classname="testcacases.Testcase001" name="book1" time="36.080"/>
</testsuite> <!-- testcacases.Testcase001 -->
